2026-03-10 09:33:19,574 | INFO     | Processing hour: 0
2026-03-10 09:33:19,574 | INFO     | 
============================================================
2026-03-10 09:33:19,574 | INFO     | Processing hour: 1970-01-01T05:30:00
2026-03-10 09:33:19,574 | INFO     | ============================================================
2026-03-10 09:33:19,591 | WARNING  | Error loading forecast: 'timestamp'
2026-03-10 09:33:19,677 | INFO     |   Total energy in auctions: 1718 Wh

2026-03-10 09:39:08,180 | INFO     | Processing hour: 0
2026-03-10 09:39:08,180 | INFO     | 
============================================================
2026-03-10 09:39:08,180 | INFO     | Processing hour: 1970-01-01T05:30:00
2026-03-10 09:39:08,207 | INFO     | ============================================================
2026-03-10 09:39:08,207 | WARNING  | Error loading forecast: 'timestamp'
2026-03-10 09:39:08,282 | INFO     |   Total energy in auctions: 3480 Wh

2026-03-10 09:39:08,284 | INFO     | Trading log saved to: logs\trading_log.json
2026-03-10 09:45:59,941 | INFO     | Processing hour: 1
2026-03-10 09:45:59,942 | INFO     | 
============================================================
2026-03-10 09:45:59,942 | INFO     | Processing hour: 1970-01-01T05:30:00
2026-03-10 09:45:59,943 | INFO     | ============================================================
2026-03-10 09:45:59,944 | WARNING  | Error loading forecast: 'timestamp'
2026-03-10 09:46:00,025 | INFO     |   Total energy in auctions: 1883 Wh

2026-03-10 09:46:00,026 | INFO     | Trading log saved to: logs\trading_log.json
2026-03-10 09:46:03,962 | INFO     | Processing hour: 2
2026-03-10 09:46:03,962 | INFO     | 
============================================================
2026-03-10 09:46:03,962 | INFO     | Processing hour: 1970-01-01T05:30:00
2026-03-10 09:46:03,962 | INFO     | ============================================================
2026-03-10 09:46:03,962 | WARNING  | Error loading forecast: 'timestamp'
2026-03-10 09:46:04,040 | INFO     |   Total energy in auctions: 3763 Wh

2026-03-10 09:46:04,040 | INFO     | Trading log saved to: logs\trading_log.json
2026-03-10 09:46:07,990 | INFO     | Processing hour: 3
2026-03-10 09:46:07,990 | INFO     | 
============================================================
2026-03-10 09:46:07,990 | INFO     | Processing hour: 1970-01-01T05:30:00
2026-03-10 09:46:07,990 | INFO     | ============================================================
2026-03-10 09:46:08,081 | WARNING  | Error loading forecast: 'timestamp'
2026-03-10 09:46:08,173 | INFO     |   Total energy in auctions: 1133 Wh

2026-03-10 09:46:08,177 | INFO     | Trading log saved to: logs\trading_log.json
2026-03-10 09:46:12,219 | INFO     | Processing hour: 4
2026-03-10 09:46:12,220 | INFO     | 
============================================================
2026-03-10 09:46:12,220 | INFO     | Processing hour: 1970-01-01T05:30:00
2026-03-10 09:46:12,220 | INFO     | ============================================================
2026-03-10 09:46:12,221 | WARNING  | Error loading forecast: 'timestamp'
2026-03-10 09:46:12,296 | INFO     |   Total energy in auctions: 2432 Wh

2026-03-10 09:46:12,319 | INFO     | Trading log saved to: logs\trading_log.json
2026-03-16 15:38:23,894 | ERROR    | Failed to initialize orchestrator: Cannot connect to Ganache at http://localhost:8545
2026-03-16 16:46:37,972 | INFO     | 
============================================================
2026-03-16 16:46:37,972 | INFO     | Processing hour: 2026-03-16T16:30:00
2026-03-16 16:46:37,972 | INFO     | ============================================================
2026-03-16 16:46:37,990 | WARNING  | Error loading forecast: 'timestamp'
2026-03-16 16:46:38,234 | INFO     |   Total energy in auctions: 2774 Wh

2026-03-16 16:46:38,237 | INFO     | Trading log saved to: logs\trading_log.json
2026-03-16 16:47:57,081 | INFO     | ✓ Connected to Ganache (chain ID: 31337)
2026-03-16 16:47:57,139 | INFO     | ✓ Contracts initialized
2026-03-16 16:47:57,139 | INFO     | 
============================================================
2026-03-16 16:47:57,141 | INFO     | Processing hour: 2026-03-16T16:30:00
2026-03-16 16:47:57,141 | INFO     | ============================================================
2026-03-16 16:47:57,142 | WARNING  | Error loading forecast: 'timestamp'
2026-03-16 16:47:57,147 | INFO     | → Forecast: 0.67 kWh = 666 tokens
2026-03-16 16:47:57,190 | INFO     | ✓ Minted 666 ENERGY tokens for hour 1773658800 (tx: ae8ad087...)
2026-03-16 16:47:57,232 | INFO     | ✓ Started auction #1 for 666 Wh (tx: 197c7b5e...)
2026-03-16 16:47:57,232 | INFO     | ✓ Hour processed successfully
2026-03-16 16:47:57,232 | INFO     |   Total energy in auctions: 666 Wh

2026-03-16 16:47:57,232 | INFO     | Trading log saved to: logs\trading_log.json
2026-03-16 23:18:11,668 | INFO     | ✓ Connected to Ganache (chain ID: 31337)
2026-03-16 23:18:11,680 | INFO     | ✓ Contracts initialized
2026-03-16 23:18:11,681 | INFO     | 
============================================================
2026-03-16 23:18:11,681 | INFO     | Processing hour: 2026-03-16T22:30:00
2026-03-16 23:18:11,681 | INFO     | ============================================================
2026-03-16 23:18:11,692 | WARNING  | Error loading forecast: 'timestamp'
2026-03-16 23:18:11,694 | INFO     | → Forecast: 0.66 kWh = 661 tokens
2026-03-16 23:18:11,729 | INFO     | ✓ Minted 661 ENERGY tokens for hour 1773680400 (tx: 0xf06af5...)
2026-03-16 23:18:11,756 | INFO     | ✓ Started auction #1 for 661 Wh (tx: 0xa82c8e...)
2026-03-16 23:18:11,756 | INFO     | ✓ Hour processed successfully
2026-03-16 23:18:11,756 | INFO     |   Total energy in auctions: 661 Wh

2026-03-16 23:18:11,757 | INFO     | Trading log saved to: logs\trading_log.json
